Virtual User Script started at: 23.09.2020 21:51:59	[MsgId: MMSG-15967]
Starting action vuser_init.	[MsgId: MMSG-15919]
Web Turbo Replay of LoadRunner 12.55.0 for Windows 10; build 911 (èþë 24 2017 19:46:00)  	[MsgId: MMSG-26983]
Run mode: HTML  	[MsgId: MMSG-26993]
Replay user agent: Mozilla/5.0 (Windows NT 10.0; Win64; x64) AppleWebKit/537.36 (KHTML, like Gecko) Chrome/85.0.4183.102 Safari/537.36  	[MsgId: MMSG-26988]
Run-Time Settings file: "C:\Users\askar\AppData\Local\Temp\lr5tmpdirWQp.606\lrcfg640.607\cfg3Ad.618"  	[MsgId: MMSG-27141]
Ending action vuser_init.	[MsgId: MMSG-15918]
Running Vuser...	[MsgId: MMSG-15964]
Starting iteration 1.	[MsgId: MMSG-15968]
Maximum number of concurrent connections per server: 6  	[MsgId: MMSG-26989]
Starting action Action.	[MsgId: MMSG-15919]
Action.c(3): Notify: Transaction "UC_04_Check_Flight" started.	[MsgId: MMSG-16999]
Action.c(5): Notify: Transaction "connect" started.	[MsgId: MMSG-16999]
Action.c(9): web_add_auto_header("Sec-Fetch-Site") started  	[MsgId: MMSG-26355]
Action.c(9): web_add_auto_header("Sec-Fetch-Site") was successful  	[MsgId: MMSG-26392]
Action.c(12): web_add_auto_header("Sec-Fetch-Dest") started  	[MsgId: MMSG-26355]
Action.c(12): web_add_auto_header("Sec-Fetch-Dest") was successful  	[MsgId: MMSG-26392]
Action.c(15): web_add_auto_header("Sec-Fetch-Mode") started  	[MsgId: MMSG-26355]
Action.c(15): web_add_auto_header("Sec-Fetch-Mode") was successful  	[MsgId: MMSG-26392]
Action.c(18): web_add_auto_header("Sec-Fetch-User") started  	[MsgId: MMSG-26355]
Action.c(18): web_add_auto_header("Sec-Fetch-User") was successful  	[MsgId: MMSG-26392]
Action.c(21): web_add_auto_header("Upgrade-Insecure-Requests") started  	[MsgId: MMSG-26355]
Action.c(21): web_add_auto_header("Upgrade-Insecure-Requests") was successful  	[MsgId: MMSG-26392]
Action.c(24): web_reg_find started  	[MsgId: MMSG-26355]
Action.c(24): Registering web_reg_find was successful  	[MsgId: MMSG-26390]
Action.c(28): web_reg_save_param started  	[MsgId: MMSG-26355]
Action.c(28): Registering web_reg_save_param was successful  	[MsgId: MMSG-26390]
Action.c(33): web_url("WebTours") started  	[MsgId: MMSG-26355]
Action.c(33): Error -27792: Failed to connect to server "localhost:1080": [10061] Connection refused  	[MsgId: MERR-27792]
Action.c(33): Error -26366: "Text=A Session ID has been created and loaded into a cookie called MSO." not found for web_reg_find  	[MsgId: MERR-26366]
Action.c(33): Error -26377: No match found for the requested parameter "userSession". Either the specified boundaries were not found in the response or the matched text is longer than current max html parameter size of 256 bytes. The total length of the response is 0 bytes. You can use "web_set_max_html_param_len" to increase the max parameter size.  	[MsgId: MERR-26377]
Action.c(33): Notify: Saving Parameter "userSession = ".	[MsgId: MMSG-13798]
Action.c(33): Error -26374: The above "not found" error(s) may be explained by header and body byte counts being 0 and 0, respectively.  	[MsgId: MERR-26374]
Action.c(33): web_url("WebTours") highest severity level was "ERROR", 0 body bytes, 0 header bytes  	[MsgId: MMSG-26388]
Action.c(33): Notify: Transaction "connect" ended with a "Fail" status (Duration: 2,0218).	[MsgId: MMSG-16873]
Action.c(33): Notify: Transaction "connect" has 4 error message(s).	[MsgId: MMSG-16818]
Action.c(33): Notify: The 1st error message associated with transaction "connect" is "Error -27792: Failed to connect to server "localhost:1080": [10061] Connection refused"	[MsgId: MMSG-16819]
Action.c(33): Notify: The 2nd error message associated with transaction "connect" is "Error -26366: "Text=A Session ID has been created and loaded into a cookie called MSO." not found for web_reg_find"	[MsgId: MMSG-16819]
Action.c(33): Notify: The 3rd error message associated with transaction "connect" is "Error -26377: No match found for the requested parameter "userSession". Either the specified boundaries were not found in the response or the matched text is longer than current max html parameter size of 256 bytes. The total length of the response is 0 bytes. You can use "web_set_max_html_param_len" to increase the max parameter size."	[MsgId: MMSG-16819]
Action.c(33): Notify: The 4th error message associated with transaction "connect" is "Error -26374: The above "not found" error(s) may be explained by header and body byte counts being 0 and 0, respectively."	[MsgId: MMSG-16819]
Action.c(33): Notify: Transaction "UC_04_Check_Flight" ended with a "Fail" status (Duration: 2,0219).	[MsgId: MMSG-16873]
Action.c(33): Notify: Transaction "UC_04_Check_Flight" has 4 error message(s).	[MsgId: MMSG-16818]
Action.c(33): Notify: The 1st error message associated with transaction "UC_04_Check_Flight" is "Error -27792: Failed to connect to server "localhost:1080": [10061] Connection refused"	[MsgId: MMSG-16819]
Action.c(33): Notify: The 2nd error message associated with transaction "UC_04_Check_Flight" is "Error -26366: "Text=A Session ID has been created and loaded into a cookie called MSO." not found for web_reg_find"	[MsgId: MMSG-16819]
Action.c(33): Notify: The 3rd error message associated with transaction "UC_04_Check_Flight" is "Error -26377: No match found for the requested parameter "userSession". Either the specified boundaries were not found in the response or the matched text is longer than current max html parameter size of 256 bytes. The total length of the response is 0 bytes. You can use "web_set_max_html_param_len" to increase the max parameter size."	[MsgId: MMSG-16819]
Action.c(33): Notify: The 4th error message associated with transaction "UC_04_Check_Flight" is "Error -26374: The above "not found" error(s) may be explained by header and body byte counts being 0 and 0, respectively."	[MsgId: MMSG-16819]
Ending action Action.	[MsgId: MMSG-15918]
Ending iteration 1.	[MsgId: MMSG-15965]
Starting iteration 2.	[MsgId: MMSG-15968]
Notify: Next row for parameter seatPref = 2 [table  = seatPref].	[MsgId: MMSG-13876]
Notify: Getting new value for parameter 'seatPref': table = '..\Parameters\seatPref.dat' column = '0' row = '2'.	[MsgId: MMSG-13877]
Notify: Next row for parameter seatType = 2 [table  = seatType].	[MsgId: MMSG-13876]
Notify: Getting new value for parameter 'seatType': table = '..\Parameters\seatType.dat' column = '0' row = '2'.	[MsgId: MMSG-13877]
Notify: Next row for parameter depart = 2 [table  = depart].	[MsgId: MMSG-13876]
Notify: Getting new value for parameter 'depart': table = '..\Parameters\depart.dat' column = '0' row = '2'.	[MsgId: MMSG-13877]
Notify: Next row for parameter login = 2 [table  = login].	[MsgId: MMSG-13876]
Notify: Getting new value for parameter 'login': table = '..\Parameters\login.dat' column = '0' row = '2'.	[MsgId: MMSG-13877]
Notify: Next row for parameter password = 2 [table  = password].	[MsgId: MMSG-13876]
Notify: Getting new value for parameter 'password': table = '..\Parameters\login.dat' column = '1' row = '2'.	[MsgId: MMSG-13877]
Notify: Next row for parameter arrive = 2 [table  = arrive].	[MsgId: MMSG-13876]
Notify: Getting new value for parameter 'arrive': table = '..\Parameters\depart.dat' column = '1' row = '2'.	[MsgId: MMSG-13877]
Starting action Action.	[MsgId: MMSG-15919]
Action.c(3): Notify: Transaction "UC_04_Check_Flight" started.	[MsgId: MMSG-16999]
Action.c(5): Notify: Transaction "connect" started.	[MsgId: MMSG-16999]
Action.c(9): web_add_auto_header("Sec-Fetch-Site") started  	[MsgId: MMSG-26355]
Action.c(9): web_add_auto_header("Sec-Fetch-Site") was successful  	[MsgId: MMSG-26392]
Action.c(12): web_add_auto_header("Sec-Fetch-Dest") started  	[MsgId: MMSG-26355]
Action.c(12): web_add_auto_header("Sec-Fetch-Dest") was successful  	[MsgId: MMSG-26392]
Action.c(15): web_add_auto_header("Sec-Fetch-Mode") started  	[MsgId: MMSG-26355]
Action.c(15): web_add_auto_header("Sec-Fetch-Mode") was successful  	[MsgId: MMSG-26392]
Action.c(18): web_add_auto_header("Sec-Fetch-User") started  	[MsgId: MMSG-26355]
Action.c(18): web_add_auto_header("Sec-Fetch-User") was successful  	[MsgId: MMSG-26392]
Action.c(21): web_add_auto_header("Upgrade-Insecure-Requests") started  	[MsgId: MMSG-26355]
Action.c(21): web_add_auto_header("Upgrade-Insecure-Requests") was successful  	[MsgId: MMSG-26392]
Action.c(24): web_reg_find started  	[MsgId: MMSG-26355]
Action.c(24): Registering web_reg_find was successful  	[MsgId: MMSG-26390]
Action.c(28): web_reg_save_param started  	[MsgId: MMSG-26355]
Action.c(28): Registering web_reg_save_param was successful  	[MsgId: MMSG-26390]
Action.c(33): web_url("WebTours") started  	[MsgId: MMSG-26355]
Action.c(33): Error -27792: Failed to connect to server "localhost:1080": [10061] Connection refused  	[MsgId: MERR-27792]
Action.c(33): Error -26366: "Text=A Session ID has been created and loaded into a cookie called MSO." not found for web_reg_find  	[MsgId: MERR-26366]
Action.c(33): Error -26377: No match found for the requested parameter "userSession". Either the specified boundaries were not found in the response or the matched text is longer than current max html parameter size of 256 bytes. The total length of the response is 0 bytes. You can use "web_set_max_html_param_len" to increase the max parameter size.  	[MsgId: MERR-26377]
Action.c(33): Notify: Saving Parameter "userSession = ".	[MsgId: MMSG-13798]
Action.c(33): Error -26374: The above "not found" error(s) may be explained by header and body byte counts being 0 and 0, respectively.  	[MsgId: MERR-26374]
Action.c(33): web_url("WebTours") highest severity level was "ERROR", 0 body bytes, 0 header bytes  	[MsgId: MMSG-26388]
Action.c(33): Notify: Transaction "connect" ended with a "Fail" status (Duration: 2,0038).	[MsgId: MMSG-16873]
Action.c(33): Notify: Transaction "connect" has 4 error message(s).	[MsgId: MMSG-16818]
Action.c(33): Notify: The 1st error message associated with transaction "connect" is "Error -27792: Failed to connect to server "localhost:1080": [10061] Connection refused"	[MsgId: MMSG-16819]
Action.c(33): Notify: The 2nd error message associated with transaction "connect" is "Error -26366: "Text=A Session ID has been created and loaded into a cookie called MSO." not found for web_reg_find"	[MsgId: MMSG-16819]
Action.c(33): Notify: The 3rd error message associated with transaction "connect" is "Error -26377: No match found for the requested parameter "userSession". Either the specified boundaries were not found in the response or the matched text is longer than current max html parameter size of 256 bytes. The total length of the response is 0 bytes. You can use "web_set_max_html_param_len" to increase the max parameter size."	[MsgId: MMSG-16819]
Action.c(33): Notify: The 4th error message associated with transaction "connect" is "Error -26374: The above "not found" error(s) may be explained by header and body byte counts being 0 and 0, respectively."	[MsgId: MMSG-16819]
Action.c(33): Notify: Transaction "UC_04_Check_Flight" ended with a "Fail" status (Duration: 2,0039).	[MsgId: MMSG-16873]
Action.c(33): Notify: Transaction "UC_04_Check_Flight" has 4 error message(s).	[MsgId: MMSG-16818]
Action.c(33): Notify: The 1st error message associated with transaction "UC_04_Check_Flight" is "Error -27792: Failed to connect to server "localhost:1080": [10061] Connection refused"	[MsgId: MMSG-16819]
Action.c(33): Notify: The 2nd error message associated with transaction "UC_04_Check_Flight" is "Error -26366: "Text=A Session ID has been created and loaded into a cookie called MSO." not found for web_reg_find"	[MsgId: MMSG-16819]
Action.c(33): Notify: The 3rd error message associated with transaction "UC_04_Check_Flight" is "Error -26377: No match found for the requested parameter "userSession". Either the specified boundaries were not found in the response or the matched text is longer than current max html parameter size of 256 bytes. The total length of the response is 0 bytes. You can use "web_set_max_html_param_len" to increase the max parameter size."	[MsgId: MMSG-16819]
Action.c(33): Notify: The 4th error message associated with transaction "UC_04_Check_Flight" is "Error -26374: The above "not found" error(s) may be explained by header and body byte counts being 0 and 0, respectively."	[MsgId: MMSG-16819]
Ending action Action.	[MsgId: MMSG-15918]
Ending iteration 2.	[MsgId: MMSG-15965]
Starting iteration 3.	[MsgId: MMSG-15968]
Notify: Next row for parameter seatPref = 3 [table  = seatPref].	[MsgId: MMSG-13876]
Notify: Getting new value for parameter 'seatPref': table = '..\Parameters\seatPref.dat' column = '0' row = '3'.	[MsgId: MMSG-13877]
Notify: Next row for parameter seatType = 3 [table  = seatType].	[MsgId: MMSG-13876]
Notify: Getting new value for parameter 'seatType': table = '..\Parameters\seatType.dat' column = '0' row = '3'.	[MsgId: MMSG-13877]
Notify: Next row for parameter depart = 3 [table  = depart].	[MsgId: MMSG-13876]
Notify: Getting new value for parameter 'depart': table = '..\Parameters\depart.dat' column = '0' row = '3'.	[MsgId: MMSG-13877]
Notify: Next row for parameter login = 3 [table  = login].	[MsgId: MMSG-13876]
Notify: Getting new value for parameter 'login': table = '..\Parameters\login.dat' column = '0' row = '3'.	[MsgId: MMSG-13877]
Notify: Next row for parameter password = 3 [table  = password].	[MsgId: MMSG-13876]
Notify: Getting new value for parameter 'password': table = '..\Parameters\login.dat' column = '1' row = '3'.	[MsgId: MMSG-13877]
Notify: Next row for parameter arrive = 3 [table  = arrive].	[MsgId: MMSG-13876]
Notify: Getting new value for parameter 'arrive': table = '..\Parameters\depart.dat' column = '1' row = '3'.	[MsgId: MMSG-13877]
Starting action Action.	[MsgId: MMSG-15919]
Action.c(3): Notify: Transaction "UC_04_Check_Flight" started.	[MsgId: MMSG-16999]
Action.c(5): Notify: Transaction "connect" started.	[MsgId: MMSG-16999]
Action.c(9): web_add_auto_header("Sec-Fetch-Site") started  	[MsgId: MMSG-26355]
Action.c(9): web_add_auto_header("Sec-Fetch-Site") was successful  	[MsgId: MMSG-26392]
Action.c(12): web_add_auto_header("Sec-Fetch-Dest") started  	[MsgId: MMSG-26355]
Action.c(12): web_add_auto_header("Sec-Fetch-Dest") was successful  	[MsgId: MMSG-26392]
Action.c(15): web_add_auto_header("Sec-Fetch-Mode") started  	[MsgId: MMSG-26355]
Action.c(15): web_add_auto_header("Sec-Fetch-Mode") was successful  	[MsgId: MMSG-26392]
Action.c(18): web_add_auto_header("Sec-Fetch-User") started  	[MsgId: MMSG-26355]
Action.c(18): web_add_auto_header("Sec-Fetch-User") was successful  	[MsgId: MMSG-26392]
Action.c(21): web_add_auto_header("Upgrade-Insecure-Requests") started  	[MsgId: MMSG-26355]
Action.c(21): web_add_auto_header("Upgrade-Insecure-Requests") was successful  	[MsgId: MMSG-26392]
Action.c(24): web_reg_find started  	[MsgId: MMSG-26355]
Action.c(24): Registering web_reg_find was successful  	[MsgId: MMSG-26390]
Action.c(28): web_reg_save_param started  	[MsgId: MMSG-26355]
Action.c(28): Registering web_reg_save_param was successful  	[MsgId: MMSG-26390]
Action.c(33): web_url("WebTours") started  	[MsgId: MMSG-26355]
Action.c(33): Error -27792: Failed to connect to server "localhost:1080": [10061] Connection refused  	[MsgId: MERR-27792]
Action.c(33): Error -26366: "Text=A Session ID has been created and loaded into a cookie called MSO." not found for web_reg_find  	[MsgId: MERR-26366]
Action.c(33): Error -26377: No match found for the requested parameter "userSession". Either the specified boundaries were not found in the response or the matched text is longer than current max html parameter size of 256 bytes. The total length of the response is 0 bytes. You can use "web_set_max_html_param_len" to increase the max parameter size.  	[MsgId: MERR-26377]
Action.c(33): Notify: Saving Parameter "userSession = ".	[MsgId: MMSG-13798]
Action.c(33): Error -26374: The above "not found" error(s) may be explained by header and body byte counts being 0 and 0, respectively.  	[MsgId: MERR-26374]
Action.c(33): web_url("WebTours") highest severity level was "ERROR", 0 body bytes, 0 header bytes  	[MsgId: MMSG-26388]
Action.c(33): Notify: Transaction "connect" ended with a "Fail" status (Duration: 2,0034).	[MsgId: MMSG-16873]
Action.c(33): Notify: Transaction "connect" has 4 error message(s).	[MsgId: MMSG-16818]
Action.c(33): Notify: The 1st error message associated with transaction "connect" is "Error -27792: Failed to connect to server "localhost:1080": [10061] Connection refused"	[MsgId: MMSG-16819]
Action.c(33): Notify: The 2nd error message associated with transaction "connect" is "Error -26366: "Text=A Session ID has been created and loaded into a cookie called MSO." not found for web_reg_find"	[MsgId: MMSG-16819]
Action.c(33): Notify: The 3rd error message associated with transaction "connect" is "Error -26377: No match found for the requested parameter "userSession". Either the specified boundaries were not found in the response or the matched text is longer than current max html parameter size of 256 bytes. The total length of the response is 0 bytes. You can use "web_set_max_html_param_len" to increase the max parameter size."	[MsgId: MMSG-16819]
Action.c(33): Notify: The 4th error message associated with transaction "connect" is "Error -26374: The above "not found" error(s) may be explained by header and body byte counts being 0 and 0, respectively."	[MsgId: MMSG-16819]
Action.c(33): Notify: Transaction "UC_04_Check_Flight" ended with a "Fail" status (Duration: 2,0035).	[MsgId: MMSG-16873]
Action.c(33): Notify: Transaction "UC_04_Check_Flight" has 4 error message(s).	[MsgId: MMSG-16818]
Action.c(33): Notify: The 1st error message associated with transaction "UC_04_Check_Flight" is "Error -27792: Failed to connect to server "localhost:1080": [10061] Connection refused"	[MsgId: MMSG-16819]
Action.c(33): Notify: The 2nd error message associated with transaction "UC_04_Check_Flight" is "Error -26366: "Text=A Session ID has been created and loaded into a cookie called MSO." not found for web_reg_find"	[MsgId: MMSG-16819]
Action.c(33): Notify: The 3rd error message associated with transaction "UC_04_Check_Flight" is "Error -26377: No match found for the requested parameter "userSession". Either the specified boundaries were not found in the response or the matched text is longer than current max html parameter size of 256 bytes. The total length of the response is 0 bytes. You can use "web_set_max_html_param_len" to increase the max parameter size."	[MsgId: MMSG-16819]
Action.c(33): Notify: The 4th error message associated with transaction "UC_04_Check_Flight" is "Error -26374: The above "not found" error(s) may be explained by header and body byte counts being 0 and 0, respectively."	[MsgId: MMSG-16819]
Ending action Action.	[MsgId: MMSG-15918]
Ending iteration 3.	[MsgId: MMSG-15965]
Starting iteration 4.	[MsgId: MMSG-15968]
Notify: Next row for parameter seatPref = 1 [table  = seatPref].	[MsgId: MMSG-13876]
Notify: Getting new value for parameter 'seatPref': table = '..\Parameters\seatPref.dat' column = '0' row = '1'.	[MsgId: MMSG-13877]
Notify: Next row for parameter seatType = 1 [table  = seatType].	[MsgId: MMSG-13876]
Notify: Getting new value for parameter 'seatType': table = '..\Parameters\seatType.dat' column = '0' row = '1'.	[MsgId: MMSG-13877]
Notify: Next row for parameter depart = 4 [table  = depart].	[MsgId: MMSG-13876]
Notify: Getting new value for parameter 'depart': table = '..\Parameters\depart.dat' column = '0' row = '4'.	[MsgId: MMSG-13877]
Notify: Next row for parameter login = 4 [table  = login].	[MsgId: MMSG-13876]
Notify: Getting new value for parameter 'login': table = '..\Parameters\login.dat' column = '0' row = '4'.	[MsgId: MMSG-13877]
Notify: Next row for parameter password = 4 [table  = password].	[MsgId: MMSG-13876]
Notify: Getting new value for parameter 'password': table = '..\Parameters\login.dat' column = '1' row = '4'.	[MsgId: MMSG-13877]
Notify: Next row for parameter arrive = 4 [table  = arrive].	[MsgId: MMSG-13876]
Notify: Getting new value for parameter 'arrive': table = '..\Parameters\depart.dat' column = '1' row = '4'.	[MsgId: MMSG-13877]
Starting action Action.	[MsgId: MMSG-15919]
Action.c(3): Notify: Transaction "UC_04_Check_Flight" started.	[MsgId: MMSG-16999]
Action.c(5): Notify: Transaction "connect" started.	[MsgId: MMSG-16999]
Action.c(9): web_add_auto_header("Sec-Fetch-Site") started  	[MsgId: MMSG-26355]
Action.c(9): web_add_auto_header("Sec-Fetch-Site") was successful  	[MsgId: MMSG-26392]
Action.c(12): web_add_auto_header("Sec-Fetch-Dest") started  	[MsgId: MMSG-26355]
Action.c(12): web_add_auto_header("Sec-Fetch-Dest") was successful  	[MsgId: MMSG-26392]
Action.c(15): web_add_auto_header("Sec-Fetch-Mode") started  	[MsgId: MMSG-26355]
Action.c(15): web_add_auto_header("Sec-Fetch-Mode") was successful  	[MsgId: MMSG-26392]
Action.c(18): web_add_auto_header("Sec-Fetch-User") started  	[MsgId: MMSG-26355]
Action.c(18): web_add_auto_header("Sec-Fetch-User") was successful  	[MsgId: MMSG-26392]
Action.c(21): web_add_auto_header("Upgrade-Insecure-Requests") started  	[MsgId: MMSG-26355]
Action.c(21): web_add_auto_header("Upgrade-Insecure-Requests") was successful  	[MsgId: MMSG-26392]
Action.c(24): web_reg_find started  	[MsgId: MMSG-26355]
Action.c(24): Registering web_reg_find was successful  	[MsgId: MMSG-26390]
Action.c(28): web_reg_save_param started  	[MsgId: MMSG-26355]
Action.c(28): Registering web_reg_save_param was successful  	[MsgId: MMSG-26390]
Action.c(33): web_url("WebTours") started  	[MsgId: MMSG-26355]
Action.c(33): Error -27792: Failed to connect to server "localhost:1080": [10061] Connection refused  	[MsgId: MERR-27792]
Action.c(33): Error -26366: "Text=A Session ID has been created and loaded into a cookie called MSO." not found for web_reg_find  	[MsgId: MERR-26366]
Action.c(33): Error -26377: No match found for the requested parameter "userSession". Either the specified boundaries were not found in the response or the matched text is longer than current max html parameter size of 256 bytes. The total length of the response is 0 bytes. You can use "web_set_max_html_param_len" to increase the max parameter size.  	[MsgId: MERR-26377]
Action.c(33): Notify: Saving Parameter "userSession = ".	[MsgId: MMSG-13798]
Action.c(33): Error -26374: The above "not found" error(s) may be explained by header and body byte counts being 0 and 0, respectively.  	[MsgId: MERR-26374]
Action.c(33): web_url("WebTours") highest severity level was "ERROR", 0 body bytes, 0 header bytes  	[MsgId: MMSG-26388]
Action.c(33): Notify: Transaction "connect" ended with a "Fail" status (Duration: 2,0061).	[MsgId: MMSG-16873]
Action.c(33): Notify: Transaction "connect" has 4 error message(s).	[MsgId: MMSG-16818]
Action.c(33): Notify: The 1st error message associated with transaction "connect" is "Error -27792: Failed to connect to server "localhost:1080": [10061] Connection refused"	[MsgId: MMSG-16819]
Action.c(33): Notify: The 2nd error message associated with transaction "connect" is "Error -26366: "Text=A Session ID has been created and loaded into a cookie called MSO." not found for web_reg_find"	[MsgId: MMSG-16819]
Action.c(33): Notify: The 3rd error message associated with transaction "connect" is "Error -26377: No match found for the requested parameter "userSession". Either the specified boundaries were not found in the response or the matched text is longer than current max html parameter size of 256 bytes. The total length of the response is 0 bytes. You can use "web_set_max_html_param_len" to increase the max parameter size."	[MsgId: MMSG-16819]
Action.c(33): Notify: The 4th error message associated with transaction "connect" is "Error -26374: The above "not found" error(s) may be explained by header and body byte counts being 0 and 0, respectively."	[MsgId: MMSG-16819]
Action.c(33): Notify: Transaction "UC_04_Check_Flight" ended with a "Fail" status (Duration: 2,0062).	[MsgId: MMSG-16873]
Action.c(33): Notify: Transaction "UC_04_Check_Flight" has 4 error message(s).	[MsgId: MMSG-16818]
Action.c(33): Notify: The 1st error message associated with transaction "UC_04_Check_Flight" is "Error -27792: Failed to connect to server "localhost:1080": [10061] Connection refused"	[MsgId: MMSG-16819]
Action.c(33): Notify: The 2nd error message associated with transaction "UC_04_Check_Flight" is "Error -26366: "Text=A Session ID has been created and loaded into a cookie called MSO." not found for web_reg_find"	[MsgId: MMSG-16819]
Action.c(33): Notify: The 3rd error message associated with transaction "UC_04_Check_Flight" is "Error -26377: No match found for the requested parameter "userSession". Either the specified boundaries were not found in the response or the matched text is longer than current max html parameter size of 256 bytes. The total length of the response is 0 bytes. You can use "web_set_max_html_param_len" to increase the max parameter size."	[MsgId: MMSG-16819]
Action.c(33): Notify: The 4th error message associated with transaction "UC_04_Check_Flight" is "Error -26374: The above "not found" error(s) may be explained by header and body byte counts being 0 and 0, respectively."	[MsgId: MMSG-16819]
Ending action Action.	[MsgId: MMSG-15918]
Ending iteration 4.	[MsgId: MMSG-15965]
Starting iteration 5.	[MsgId: MMSG-15968]
Notify: Next row for parameter seatPref = 2 [table  = seatPref].	[MsgId: MMSG-13876]
Notify: Getting new value for parameter 'seatPref': table = '..\Parameters\seatPref.dat' column = '0' row = '2'.	[MsgId: MMSG-13877]
Notify: Next row for parameter seatType = 2 [table  = seatType].	[MsgId: MMSG-13876]
Notify: Getting new value for parameter 'seatType': table = '..\Parameters\seatType.dat' column = '0' row = '2'.	[MsgId: MMSG-13877]
Notify: Next row for parameter depart = 5 [table  = depart].	[MsgId: MMSG-13876]
Notify: Getting new value for parameter 'depart': table = '..\Parameters\depart.dat' column = '0' row = '5'.	[MsgId: MMSG-13877]
Notify: Next row for parameter login = 5 [table  = login].	[MsgId: MMSG-13876]
Notify: Getting new value for parameter 'login': table = '..\Parameters\login.dat' column = '0' row = '5'.	[MsgId: MMSG-13877]
Notify: Next row for parameter password = 5 [table  = password].	[MsgId: MMSG-13876]
Notify: Getting new value for parameter 'password': table = '..\Parameters\login.dat' column = '1' row = '5'.	[MsgId: MMSG-13877]
Notify: Next row for parameter arrive = 5 [table  = arrive].	[MsgId: MMSG-13876]
Notify: Getting new value for parameter 'arrive': table = '..\Parameters\depart.dat' column = '1' row = '5'.	[MsgId: MMSG-13877]
Starting action Action.	[MsgId: MMSG-15919]
Action.c(3): Notify: Transaction "UC_04_Check_Flight" started.	[MsgId: MMSG-16999]
Action.c(5): Notify: Transaction "connect" started.	[MsgId: MMSG-16999]
Action.c(9): web_add_auto_header("Sec-Fetch-Site") started  	[MsgId: MMSG-26355]
Action.c(9): web_add_auto_header("Sec-Fetch-Site") was successful  	[MsgId: MMSG-26392]
Action.c(12): web_add_auto_header("Sec-Fetch-Dest") started  	[MsgId: MMSG-26355]
Action.c(12): web_add_auto_header("Sec-Fetch-Dest") was successful  	[MsgId: MMSG-26392]
Action.c(15): web_add_auto_header("Sec-Fetch-Mode") started  	[MsgId: MMSG-26355]
Action.c(15): web_add_auto_header("Sec-Fetch-Mode") was successful  	[MsgId: MMSG-26392]
Action.c(18): web_add_auto_header("Sec-Fetch-User") started  	[MsgId: MMSG-26355]
Action.c(18): web_add_auto_header("Sec-Fetch-User") was successful  	[MsgId: MMSG-26392]
Action.c(21): web_add_auto_header("Upgrade-Insecure-Requests") started  	[MsgId: MMSG-26355]
Action.c(21): web_add_auto_header("Upgrade-Insecure-Requests") was successful  	[MsgId: MMSG-26392]
Action.c(24): web_reg_find started  	[MsgId: MMSG-26355]
Action.c(24): Registering web_reg_find was successful  	[MsgId: MMSG-26390]
Action.c(28): web_reg_save_param started  	[MsgId: MMSG-26355]
Action.c(28): Registering web_reg_save_param was successful  	[MsgId: MMSG-26390]
Action.c(33): web_url("WebTours") started  	[MsgId: MMSG-26355]
Action.c(33): Error -27792: Failed to connect to server "localhost:1080": [10061] Connection refused  	[MsgId: MERR-27792]
Action.c(33): Error -26366: "Text=A Session ID has been created and loaded into a cookie called MSO." not found for web_reg_find  	[MsgId: MERR-26366]
Action.c(33): Error -26377: No match found for the requested parameter "userSession". Either the specified boundaries were not found in the response or the matched text is longer than current max html parameter size of 256 bytes. The total length of the response is 0 bytes. You can use "web_set_max_html_param_len" to increase the max parameter size.  	[MsgId: MERR-26377]
Action.c(33): Notify: Saving Parameter "userSession = ".	[MsgId: MMSG-13798]
Action.c(33): Error -26374: The above "not found" error(s) may be explained by header and body byte counts being 0 and 0, respectively.  	[MsgId: MERR-26374]
Action.c(33): web_url("WebTours") highest severity level was "ERROR", 0 body bytes, 0 header bytes  	[MsgId: MMSG-26388]
Action.c(33): Notify: Transaction "connect" ended with a "Fail" status (Duration: 2,0062).	[MsgId: MMSG-16873]
Action.c(33): Notify: Transaction "connect" has 4 error message(s).	[MsgId: MMSG-16818]
Action.c(33): Notify: The 1st error message associated with transaction "connect" is "Error -27792: Failed to connect to server "localhost:1080": [10061] Connection refused"	[MsgId: MMSG-16819]
Action.c(33): Notify: The 2nd error message associated with transaction "connect" is "Error -26366: "Text=A Session ID has been created and loaded into a cookie called MSO." not found for web_reg_find"	[MsgId: MMSG-16819]
Action.c(33): Notify: The 3rd error message associated with transaction "connect" is "Error -26377: No match found for the requested parameter "userSession". Either the specified boundaries were not found in the response or the matched text is longer than current max html parameter size of 256 bytes. The total length of the response is 0 bytes. You can use "web_set_max_html_param_len" to increase the max parameter size."	[MsgId: MMSG-16819]
Action.c(33): Notify: The 4th error message associated with transaction "connect" is "Error -26374: The above "not found" error(s) may be explained by header and body byte counts being 0 and 0, respectively."	[MsgId: MMSG-16819]
Action.c(33): Notify: Transaction "UC_04_Check_Flight" ended with a "Fail" status (Duration: 2,0063).	[MsgId: MMSG-16873]
Action.c(33): Notify: Transaction "UC_04_Check_Flight" has 4 error message(s).	[MsgId: MMSG-16818]
Action.c(33): Notify: The 1st error message associated with transaction "UC_04_Check_Flight" is "Error -27792: Failed to connect to server "localhost:1080": [10061] Connection refused"	[MsgId: MMSG-16819]
Action.c(33): Notify: The 2nd error message associated with transaction "UC_04_Check_Flight" is "Error -26366: "Text=A Session ID has been created and loaded into a cookie called MSO." not found for web_reg_find"	[MsgId: MMSG-16819]
Action.c(33): Notify: The 3rd error message associated with transaction "UC_04_Check_Flight" is "Error -26377: No match found for the requested parameter "userSession". Either the specified boundaries were not found in the response or the matched text is longer than current max html parameter size of 256 bytes. The total length of the response is 0 bytes. You can use "web_set_max_html_param_len" to increase the max parameter size."	[MsgId: MMSG-16819]
Action.c(33): Notify: The 4th error message associated with transaction "UC_04_Check_Flight" is "Error -26374: The above "not found" error(s) may be explained by header and body byte counts being 0 and 0, respectively."	[MsgId: MMSG-16819]
Ending action Action.	[MsgId: MMSG-15918]
Ending iteration 5.	[MsgId: MMSG-15965]
Starting iteration 6.	[MsgId: MMSG-15968]
Notify: Next row for parameter seatPref = 3 [table  = seatPref].	[MsgId: MMSG-13876]
Notify: Getting new value for parameter 'seatPref': table = '..\Parameters\seatPref.dat' column = '0' row = '3'.	[MsgId: MMSG-13877]
Notify: Next row for parameter seatType = 3 [table  = seatType].	[MsgId: MMSG-13876]
Notify: Getting new value for parameter 'seatType': table = '..\Parameters\seatType.dat' column = '0' row = '3'.	[MsgId: MMSG-13877]
Notify: Next row for parameter depart = 6 [table  = depart].	[MsgId: MMSG-13876]
Notify: Getting new value for parameter 'depart': table = '..\Parameters\depart.dat' column = '0' row = '6'.	[MsgId: MMSG-13877]
Notify: Next row for parameter login = 6 [table  = login].	[MsgId: MMSG-13876]
Notify: Getting new value for parameter 'login': table = '..\Parameters\login.dat' column = '0' row = '6'.	[MsgId: MMSG-13877]
Notify: Next row for parameter password = 6 [table  = password].	[MsgId: MMSG-13876]
Notify: Getting new value for parameter 'password': table = '..\Parameters\login.dat' column = '1' row = '6'.	[MsgId: MMSG-13877]
Notify: Next row for parameter arrive = 6 [table  = arrive].	[MsgId: MMSG-13876]
Notify: Getting new value for parameter 'arrive': table = '..\Parameters\depart.dat' column = '1' row = '6'.	[MsgId: MMSG-13877]
Starting action Action.	[MsgId: MMSG-15919]
Action.c(3): Notify: Transaction "UC_04_Check_Flight" started.	[MsgId: MMSG-16999]
Action.c(5): Notify: Transaction "connect" started.	[MsgId: MMSG-16999]
Action.c(9): web_add_auto_header("Sec-Fetch-Site") started  	[MsgId: MMSG-26355]
Action.c(9): web_add_auto_header("Sec-Fetch-Site") was successful  	[MsgId: MMSG-26392]
Action.c(12): web_add_auto_header("Sec-Fetch-Dest") started  	[MsgId: MMSG-26355]
Action.c(12): web_add_auto_header("Sec-Fetch-Dest") was successful  	[MsgId: MMSG-26392]
Action.c(15): web_add_auto_header("Sec-Fetch-Mode") started  	[MsgId: MMSG-26355]
Action.c(15): web_add_auto_header("Sec-Fetch-Mode") was successful  	[MsgId: MMSG-26392]
Action.c(18): web_add_auto_header("Sec-Fetch-User") started  	[MsgId: MMSG-26355]
Action.c(18): web_add_auto_header("Sec-Fetch-User") was successful  	[MsgId: MMSG-26392]
Action.c(21): web_add_auto_header("Upgrade-Insecure-Requests") started  	[MsgId: MMSG-26355]
Action.c(21): web_add_auto_header("Upgrade-Insecure-Requests") was successful  	[MsgId: MMSG-26392]
Action.c(24): web_reg_find started  	[MsgId: MMSG-26355]
Action.c(24): Registering web_reg_find was successful  	[MsgId: MMSG-26390]
Action.c(28): web_reg_save_param started  	[MsgId: MMSG-26355]
Action.c(28): Registering web_reg_save_param was successful  	[MsgId: MMSG-26390]
Action.c(33): web_url("WebTours") started  	[MsgId: MMSG-26355]
Action.c(33): Error -27792: Failed to connect to server "localhost:1080": [10061] Connection refused  	[MsgId: MERR-27792]
Action.c(33): Error -26366: "Text=A Session ID has been created and loaded into a cookie called MSO." not found for web_reg_find  	[MsgId: MERR-26366]
Action.c(33): Error -26377: No match found for the requested parameter "userSession". Either the specified boundaries were not found in the response or the matched text is longer than current max html parameter size of 256 bytes. The total length of the response is 0 bytes. You can use "web_set_max_html_param_len" to increase the max parameter size.  	[MsgId: MERR-26377]
Action.c(33): Notify: Saving Parameter "userSession = ".	[MsgId: MMSG-13798]
Action.c(33): Error -26374: The above "not found" error(s) may be explained by header and body byte counts being 0 and 0, respectively.  	[MsgId: MERR-26374]
Action.c(33): web_url("WebTours") highest severity level was "ERROR", 0 body bytes, 0 header bytes  	[MsgId: MMSG-26388]
Action.c(33): Notify: Transaction "connect" ended with a "Fail" status (Duration: 2,0052).	[MsgId: MMSG-16873]
Action.c(33): Notify: Transaction "connect" has 4 error message(s).	[MsgId: MMSG-16818]
Action.c(33): Notify: The 1st error message associated with transaction "connect" is "Error -27792: Failed to connect to server "localhost:1080": [10061] Connection refused"	[MsgId: MMSG-16819]
Action.c(33): Notify: The 2nd error message associated with transaction "connect" is "Error -26366: "Text=A Session ID has been created and loaded into a cookie called MSO." not found for web_reg_find"	[MsgId: MMSG-16819]
Action.c(33): Notify: The 3rd error message associated with transaction "connect" is "Error -26377: No match found for the requested parameter "userSession". Either the specified boundaries were not found in the response or the matched text is longer than current max html parameter size of 256 bytes. The total length of the response is 0 bytes. You can use "web_set_max_html_param_len" to increase the max parameter size."	[MsgId: MMSG-16819]
Action.c(33): Notify: The 4th error message associated with transaction "connect" is "Error -26374: The above "not found" error(s) may be explained by header and body byte counts being 0 and 0, respectively."	[MsgId: MMSG-16819]
Action.c(33): Notify: Transaction "UC_04_Check_Flight" ended with a "Fail" status (Duration: 2,0052).	[MsgId: MMSG-16873]
Action.c(33): Notify: Transaction "UC_04_Check_Flight" has 4 error message(s).	[MsgId: MMSG-16818]
Action.c(33): Notify: The 1st error message associated with transaction "UC_04_Check_Flight" is "Error -27792: Failed to connect to server "localhost:1080": [10061] Connection refused"	[MsgId: MMSG-16819]
Action.c(33): Notify: The 2nd error message associated with transaction "UC_04_Check_Flight" is "Error -26366: "Text=A Session ID has been created and loaded into a cookie called MSO." not found for web_reg_find"	[MsgId: MMSG-16819]
Action.c(33): Notify: The 3rd error message associated with transaction "UC_04_Check_Flight" is "Error -26377: No match found for the requested parameter "userSession". Either the specified boundaries were not found in the response or the matched text is longer than current max html parameter size of 256 bytes. The total length of the response is 0 bytes. You can use "web_set_max_html_param_len" to increase the max parameter size."	[MsgId: MMSG-16819]
Action.c(33): Notify: The 4th error message associated with transaction "UC_04_Check_Flight" is "Error -26374: The above "not found" error(s) may be explained by header and body byte counts being 0 and 0, respectively."	[MsgId: MMSG-16819]
Ending action Action.	[MsgId: MMSG-15918]
Ending iteration 6.	[MsgId: MMSG-15965]
Starting iteration 7.	[MsgId: MMSG-15968]
Notify: Next row for parameter seatPref = 1 [table  = seatPref].	[MsgId: MMSG-13876]
Notify: Getting new value for parameter 'seatPref': table = '..\Parameters\seatPref.dat' column = '0' row = '1'.	[MsgId: MMSG-13877]
Notify: Next row for parameter seatType = 1 [table  = seatType].	[MsgId: MMSG-13876]
Notify: Getting new value for parameter 'seatType': table = '..\Parameters\seatType.dat' column = '0' row = '1'.	[MsgId: MMSG-13877]
Notify: Next row for parameter depart = 7 [table  = depart].	[MsgId: MMSG-13876]
Notify: Getting new value for parameter 'depart': table = '..\Parameters\depart.dat' column = '0' row = '7'.	[MsgId: MMSG-13877]
Notify: Next row for parameter login = 7 [table  = login].	[MsgId: MMSG-13876]
Notify: Getting new value for parameter 'login': table = '..\Parameters\login.dat' column = '0' row = '7'.	[MsgId: MMSG-13877]
Notify: Next row for parameter password = 7 [table  = password].	[MsgId: MMSG-13876]
Notify: Getting new value for parameter 'password': table = '..\Parameters\login.dat' column = '1' row = '7'.	[MsgId: MMSG-13877]
Notify: Next row for parameter arrive = 7 [table  = arrive].	[MsgId: MMSG-13876]
Notify: Getting new value for parameter 'arrive': table = '..\Parameters\depart.dat' column = '1' row = '7'.	[MsgId: MMSG-13877]
Starting action Action.	[MsgId: MMSG-15919]
Action.c(3): Notify: Transaction "UC_04_Check_Flight" started.	[MsgId: MMSG-16999]
Action.c(5): Notify: Transaction "connect" started.	[MsgId: MMSG-16999]
Action.c(9): web_add_auto_header("Sec-Fetch-Site") started  	[MsgId: MMSG-26355]
Action.c(9): web_add_auto_header("Sec-Fetch-Site") was successful  	[MsgId: MMSG-26392]
Action.c(12): web_add_auto_header("Sec-Fetch-Dest") started  	[MsgId: MMSG-26355]
Action.c(12): web_add_auto_header("Sec-Fetch-Dest") was successful  	[MsgId: MMSG-26392]
Action.c(15): web_add_auto_header("Sec-Fetch-Mode") started  	[MsgId: MMSG-26355]
Action.c(15): web_add_auto_header("Sec-Fetch-Mode") was successful  	[MsgId: MMSG-26392]
Action.c(18): web_add_auto_header("Sec-Fetch-User") started  	[MsgId: MMSG-26355]
Action.c(18): web_add_auto_header("Sec-Fetch-User") was successful  	[MsgId: MMSG-26392]
Action.c(21): web_add_auto_header("Upgrade-Insecure-Requests") started  	[MsgId: MMSG-26355]
Action.c(21): web_add_auto_header("Upgrade-Insecure-Requests") was successful  	[MsgId: MMSG-26392]
Action.c(24): web_reg_find started  	[MsgId: MMSG-26355]
Action.c(24): Registering web_reg_find was successful  	[MsgId: MMSG-26390]
Action.c(28): web_reg_save_param started  	[MsgId: MMSG-26355]
Action.c(28): Registering web_reg_save_param was successful  	[MsgId: MMSG-26390]
Action.c(33): web_url("WebTours") started  	[MsgId: MMSG-26355]
Action.c(33): Error -27792: Failed to connect to server "localhost:1080": [10061] Connection refused  	[MsgId: MERR-27792]
Action.c(33): Error -26366: "Text=A Session ID has been created and loaded into a cookie called MSO." not found for web_reg_find  	[MsgId: MERR-26366]
Action.c(33): Error -26377: No match found for the requested parameter "userSession". Either the specified boundaries were not found in the response or the matched text is longer than current max html parameter size of 256 bytes. The total length of the response is 0 bytes. You can use "web_set_max_html_param_len" to increase the max parameter size.  	[MsgId: MERR-26377]
Action.c(33): Notify: Saving Parameter "userSession = ".	[MsgId: MMSG-13798]
Action.c(33): Error -26374: The above "not found" error(s) may be explained by header and body byte counts being 0 and 0, respectively.  	[MsgId: MERR-26374]
Action.c(33): web_url("WebTours") highest severity level was "ERROR", 0 body bytes, 0 header bytes  	[MsgId: MMSG-26388]
Action.c(33): Notify: Transaction "connect" ended with a "Fail" status (Duration: 2,0042).	[MsgId: MMSG-16873]
Action.c(33): Notify: Transaction "connect" has 4 error message(s).	[MsgId: MMSG-16818]
Action.c(33): Notify: The 1st error message associated with transaction "connect" is "Error -27792: Failed to connect to server "localhost:1080": [10061] Connection refused"	[MsgId: MMSG-16819]
Action.c(33): Notify: The 2nd error message associated with transaction "connect" is "Error -26366: "Text=A Session ID has been created and loaded into a cookie called MSO." not found for web_reg_find"	[MsgId: MMSG-16819]
Action.c(33): Notify: The 3rd error message associated with transaction "connect" is "Error -26377: No match found for the requested parameter "userSession". Either the specified boundaries were not found in the response or the matched text is longer than current max html parameter size of 256 bytes. The total length of the response is 0 bytes. You can use "web_set_max_html_param_len" to increase the max parameter size."	[MsgId: MMSG-16819]
Action.c(33): Notify: The 4th error message associated with transaction "connect" is "Error -26374: The above "not found" error(s) may be explained by header and body byte counts being 0 and 0, respectively."	[MsgId: MMSG-16819]
Action.c(33): Notify: Transaction "UC_04_Check_Flight" ended with a "Fail" status (Duration: 2,0043).	[MsgId: MMSG-16873]
Action.c(33): Notify: Transaction "UC_04_Check_Flight" has 4 error message(s).	[MsgId: MMSG-16818]
Action.c(33): Notify: The 1st error message associated with transaction "UC_04_Check_Flight" is "Error -27792: Failed to connect to server "localhost:1080": [10061] Connection refused"	[MsgId: MMSG-16819]
Action.c(33): Notify: The 2nd error message associated with transaction "UC_04_Check_Flight" is "Error -26366: "Text=A Session ID has been created and loaded into a cookie called MSO." not found for web_reg_find"	[MsgId: MMSG-16819]
Action.c(33): Notify: The 3rd error message associated with transaction "UC_04_Check_Flight" is "Error -26377: No match found for the requested parameter "userSession". Either the specified boundaries were not found in the response or the matched text is longer than current max html parameter size of 256 bytes. The total length of the response is 0 bytes. You can use "web_set_max_html_param_len" to increase the max parameter size."	[MsgId: MMSG-16819]
Action.c(33): Notify: The 4th error message associated with transaction "UC_04_Check_Flight" is "Error -26374: The above "not found" error(s) may be explained by header and body byte counts being 0 and 0, respectively."	[MsgId: MMSG-16819]
Ending action Action.	[MsgId: MMSG-15918]
Ending iteration 7.	[MsgId: MMSG-15965]
Starting iteration 8.	[MsgId: MMSG-15968]
Notify: Next row for parameter seatPref = 2 [table  = seatPref].	[MsgId: MMSG-13876]
Notify: Getting new value for parameter 'seatPref': table = '..\Parameters\seatPref.dat' column = '0' row = '2'.	[MsgId: MMSG-13877]
Notify: Next row for parameter seatType = 2 [table  = seatType].	[MsgId: MMSG-13876]
Notify: Getting new value for parameter 'seatType': table = '..\Parameters\seatType.dat' column = '0' row = '2'.	[MsgId: MMSG-13877]
Notify: Next row for parameter depart = 8 [table  = depart].	[MsgId: MMSG-13876]
Notify: Getting new value for parameter 'depart': table = '..\Parameters\depart.dat' column = '0' row = '8'.	[MsgId: MMSG-13877]
Notify: Next row for parameter login = 8 [table  = login].	[MsgId: MMSG-13876]
Notify: Getting new value for parameter 'login': table = '..\Parameters\login.dat' column = '0' row = '8'.	[MsgId: MMSG-13877]
Notify: Next row for parameter password = 8 [table  = password].	[MsgId: MMSG-13876]
Notify: Getting new value for parameter 'password': table = '..\Parameters\login.dat' column = '1' row = '8'.	[MsgId: MMSG-13877]
Notify: Next row for parameter arrive = 8 [table  = arrive].	[MsgId: MMSG-13876]
Notify: Getting new value for parameter 'arrive': table = '..\Parameters\depart.dat' column = '1' row = '8'.	[MsgId: MMSG-13877]
Starting action Action.	[MsgId: MMSG-15919]
Action.c(3): Notify: Transaction "UC_04_Check_Flight" started.	[MsgId: MMSG-16999]
Action.c(5): Notify: Transaction "connect" started.	[MsgId: MMSG-16999]
Action.c(9): web_add_auto_header("Sec-Fetch-Site") started  	[MsgId: MMSG-26355]
Action.c(9): web_add_auto_header("Sec-Fetch-Site") was successful  	[MsgId: MMSG-26392]
Action.c(12): web_add_auto_header("Sec-Fetch-Dest") started  	[MsgId: MMSG-26355]
Action.c(12): web_add_auto_header("Sec-Fetch-Dest") was successful  	[MsgId: MMSG-26392]
Action.c(15): web_add_auto_header("Sec-Fetch-Mode") started  	[MsgId: MMSG-26355]
Action.c(15): web_add_auto_header("Sec-Fetch-Mode") was successful  	[MsgId: MMSG-26392]
Action.c(18): web_add_auto_header("Sec-Fetch-User") started  	[MsgId: MMSG-26355]
Action.c(18): web_add_auto_header("Sec-Fetch-User") was successful  	[MsgId: MMSG-26392]
Action.c(21): web_add_auto_header("Upgrade-Insecure-Requests") started  	[MsgId: MMSG-26355]
Action.c(21): web_add_auto_header("Upgrade-Insecure-Requests") was successful  	[MsgId: MMSG-26392]
Action.c(24): web_reg_find started  	[MsgId: MMSG-26355]
Action.c(24): Registering web_reg_find was successful  	[MsgId: MMSG-26390]
Action.c(28): web_reg_save_param started  	[MsgId: MMSG-26355]
Action.c(28): Registering web_reg_save_param was successful  	[MsgId: MMSG-26390]
Action.c(33): web_url("WebTours") started  	[MsgId: MMSG-26355]
Action.c(33): Error -27792: Failed to connect to server "localhost:1080": [10061] Connection refused  	[MsgId: MERR-27792]
Action.c(33): Error -26366: "Text=A Session ID has been created and loaded into a cookie called MSO." not found for web_reg_find  	[MsgId: MERR-26366]
Action.c(33): Error -26377: No match found for the requested parameter "userSession". Either the specified boundaries were not found in the response or the matched text is longer than current max html parameter size of 256 bytes. The total length of the response is 0 bytes. You can use "web_set_max_html_param_len" to increase the max parameter size.  	[MsgId: MERR-26377]
Action.c(33): Notify: Saving Parameter "userSession = ".	[MsgId: MMSG-13798]
Action.c(33): Error -26374: The above "not found" error(s) may be explained by header and body byte counts being 0 and 0, respectively.  	[MsgId: MERR-26374]
Action.c(33): web_url("WebTours") highest severity level was "ERROR", 0 body bytes, 0 header bytes  	[MsgId: MMSG-26388]
Action.c(33): Notify: Transaction "connect" ended with a "Fail" status (Duration: 2,0058).	[MsgId: MMSG-16873]
Action.c(33): Notify: Transaction "connect" has 4 error message(s).	[MsgId: MMSG-16818]
Action.c(33): Notify: The 1st error message associated with transaction "connect" is "Error -27792: Failed to connect to server "localhost:1080": [10061] Connection refused"	[MsgId: MMSG-16819]
Action.c(33): Notify: The 2nd error message associated with transaction "connect" is "Error -26366: "Text=A Session ID has been created and loaded into a cookie called MSO." not found for web_reg_find"	[MsgId: MMSG-16819]
Action.c(33): Notify: The 3rd error message associated with transaction "connect" is "Error -26377: No match found for the requested parameter "userSession". Either the specified boundaries were not found in the response or the matched text is longer than current max html parameter size of 256 bytes. The total length of the response is 0 bytes. You can use "web_set_max_html_param_len" to increase the max parameter size."	[MsgId: MMSG-16819]
Action.c(33): Notify: The 4th error message associated with transaction "connect" is "Error -26374: The above "not found" error(s) may be explained by header and body byte counts being 0 and 0, respectively."	[MsgId: MMSG-16819]
Action.c(33): Notify: Transaction "UC_04_Check_Flight" ended with a "Fail" status (Duration: 2,0058).	[MsgId: MMSG-16873]
Action.c(33): Notify: Transaction "UC_04_Check_Flight" has 4 error message(s).	[MsgId: MMSG-16818]
Action.c(33): Notify: The 1st error message associated with transaction "UC_04_Check_Flight" is "Error -27792: Failed to connect to server "localhost:1080": [10061] Connection refused"	[MsgId: MMSG-16819]
Action.c(33): Notify: The 2nd error message associated with transaction "UC_04_Check_Flight" is "Error -26366: "Text=A Session ID has been created and loaded into a cookie called MSO." not found for web_reg_find"	[MsgId: MMSG-16819]
Action.c(33): Notify: The 3rd error message associated with transaction "UC_04_Check_Flight" is "Error -26377: No match found for the requested parameter "userSession". Either the specified boundaries were not found in the response or the matched text is longer than current max html parameter size of 256 bytes. The total length of the response is 0 bytes. You can use "web_set_max_html_param_len" to increase the max parameter size."	[MsgId: MMSG-16819]
Action.c(33): Notify: The 4th error message associated with transaction "UC_04_Check_Flight" is "Error -26374: The above "not found" error(s) may be explained by header and body byte counts being 0 and 0, respectively."	[MsgId: MMSG-16819]
Ending action Action.	[MsgId: MMSG-15918]
Ending iteration 8.	[MsgId: MMSG-15965]
Starting iteration 9.	[MsgId: MMSG-15968]
Notify: Next row for parameter seatPref = 3 [table  = seatPref].	[MsgId: MMSG-13876]
Notify: Getting new value for parameter 'seatPref': table = '..\Parameters\seatPref.dat' column = '0' row = '3'.	[MsgId: MMSG-13877]
Notify: Next row for parameter seatType = 3 [table  = seatType].	[MsgId: MMSG-13876]
Notify: Getting new value for parameter 'seatType': table = '..\Parameters\seatType.dat' column = '0' row = '3'.	[MsgId: MMSG-13877]
Notify: Next row for parameter depart = 9 [table  = depart].	[MsgId: MMSG-13876]
Notify: Getting new value for parameter 'depart': table = '..\Parameters\depart.dat' column = '0' row = '9'.	[MsgId: MMSG-13877]
Notify: Next row for parameter login = 9 [table  = login].	[MsgId: MMSG-13876]
Notify: Getting new value for parameter 'login': table = '..\Parameters\login.dat' column = '0' row = '9'.	[MsgId: MMSG-13877]
Notify: Next row for parameter password = 9 [table  = password].	[MsgId: MMSG-13876]
Notify: Getting new value for parameter 'password': table = '..\Parameters\login.dat' column = '1' row = '9'.	[MsgId: MMSG-13877]
Notify: Next row for parameter arrive = 9 [table  = arrive].	[MsgId: MMSG-13876]
Notify: Getting new value for parameter 'arrive': table = '..\Parameters\depart.dat' column = '1' row = '9'.	[MsgId: MMSG-13877]
Starting action Action.	[MsgId: MMSG-15919]
Action.c(3): Notify: Transaction "UC_04_Check_Flight" started.	[MsgId: MMSG-16999]
Action.c(5): Notify: Transaction "connect" started.	[MsgId: MMSG-16999]
Action.c(9): web_add_auto_header("Sec-Fetch-Site") started  	[MsgId: MMSG-26355]
Action.c(9): web_add_auto_header("Sec-Fetch-Site") was successful  	[MsgId: MMSG-26392]
Action.c(12): web_add_auto_header("Sec-Fetch-Dest") started  	[MsgId: MMSG-26355]
Action.c(12): web_add_auto_header("Sec-Fetch-Dest") was successful  	[MsgId: MMSG-26392]
Action.c(15): web_add_auto_header("Sec-Fetch-Mode") started  	[MsgId: MMSG-26355]
Action.c(15): web_add_auto_header("Sec-Fetch-Mode") was successful  	[MsgId: MMSG-26392]
Action.c(18): web_add_auto_header("Sec-Fetch-User") started  	[MsgId: MMSG-26355]
Action.c(18): web_add_auto_header("Sec-Fetch-User") was successful  	[MsgId: MMSG-26392]
Action.c(21): web_add_auto_header("Upgrade-Insecure-Requests") started  	[MsgId: MMSG-26355]
Action.c(21): web_add_auto_header("Upgrade-Insecure-Requests") was successful  	[MsgId: MMSG-26392]
Action.c(24): web_reg_find started  	[MsgId: MMSG-26355]
Action.c(24): Registering web_reg_find was successful  	[MsgId: MMSG-26390]
Action.c(28): web_reg_save_param started  	[MsgId: MMSG-26355]
Action.c(28): Registering web_reg_save_param was successful  	[MsgId: MMSG-26390]
Action.c(33): web_url("WebTours") started  	[MsgId: MMSG-26355]
Action.c(33): Error -27792: Failed to connect to server "localhost:1080": [10061] Connection refused  	[MsgId: MERR-27792]
Action.c(33): Error -26366: "Text=A Session ID has been created and loaded into a cookie called MSO." not found for web_reg_find  	[MsgId: MERR-26366]
Action.c(33): Error -26377: No match found for the requested parameter "userSession". Either the specified boundaries were not found in the response or the matched text is longer than current max html parameter size of 256 bytes. The total length of the response is 0 bytes. You can use "web_set_max_html_param_len" to increase the max parameter size.  	[MsgId: MERR-26377]
Action.c(33): Notify: Saving Parameter "userSession = ".	[MsgId: MMSG-13798]
Action.c(33): Error -26374: The above "not found" error(s) may be explained by header and body byte counts being 0 and 0, respectively.  	[MsgId: MERR-26374]
Action.c(33): web_url("WebTours") highest severity level was "ERROR", 0 body bytes, 0 header bytes  	[MsgId: MMSG-26388]
Action.c(33): Notify: Transaction "connect" ended with a "Fail" status (Duration: 2,0070).	[MsgId: MMSG-16873]
Action.c(33): Notify: Transaction "connect" has 4 error message(s).	[MsgId: MMSG-16818]
Action.c(33): Notify: The 1st error message associated with transaction "connect" is "Error -27792: Failed to connect to server "localhost:1080": [10061] Connection refused"	[MsgId: MMSG-16819]
Action.c(33): Notify: The 2nd error message associated with transaction "connect" is "Error -26366: "Text=A Session ID has been created and loaded into a cookie called MSO." not found for web_reg_find"	[MsgId: MMSG-16819]
Action.c(33): Notify: The 3rd error message associated with transaction "connect" is "Error -26377: No match found for the requested parameter "userSession". Either the specified boundaries were not found in the response or the matched text is longer than current max html parameter size of 256 bytes. The total length of the response is 0 bytes. You can use "web_set_max_html_param_len" to increase the max parameter size."	[MsgId: MMSG-16819]
Action.c(33): Notify: The 4th error message associated with transaction "connect" is "Error -26374: The above "not found" error(s) may be explained by header and body byte counts being 0 and 0, respectively."	[MsgId: MMSG-16819]
Action.c(33): Notify: Transaction "UC_04_Check_Flight" ended with a "Fail" status (Duration: 2,0070).	[MsgId: MMSG-16873]
Action.c(33): Notify: Transaction "UC_04_Check_Flight" has 4 error message(s).	[MsgId: MMSG-16818]
Action.c(33): Notify: The 1st error message associated with transaction "UC_04_Check_Flight" is "Error -27792: Failed to connect to server "localhost:1080": [10061] Connection refused"	[MsgId: MMSG-16819]
Action.c(33): Notify: The 2nd error message associated with transaction "UC_04_Check_Flight" is "Error -26366: "Text=A Session ID has been created and loaded into a cookie called MSO." not found for web_reg_find"	[MsgId: MMSG-16819]
Action.c(33): Notify: The 3rd error message associated with transaction "UC_04_Check_Flight" is "Error -26377: No match found for the requested parameter "userSession". Either the specified boundaries were not found in the response or the matched text is longer than current max html parameter size of 256 bytes. The total length of the response is 0 bytes. You can use "web_set_max_html_param_len" to increase the max parameter size."	[MsgId: MMSG-16819]
Action.c(33): Notify: The 4th error message associated with transaction "UC_04_Check_Flight" is "Error -26374: The above "not found" error(s) may be explained by header and body byte counts being 0 and 0, respectively."	[MsgId: MMSG-16819]
Ending action Action.	[MsgId: MMSG-15918]
Action was aborted.	[MsgId: MMSG-10694]
Ending Vuser...	[MsgId: MMSG-15966]
Starting action vuser_end.	[MsgId: MMSG-15919]
Ending action vuser_end.	[MsgId: MMSG-15918]
Vuser Terminated.	[MsgId: MMSG-15963]
Vuser 0 (thread 11520), ended OK."	[MsgId: MMSG-10695]
